app/build/intermediates/manifest_merge_blame_file/debug/manifest-merger-blame-debug-report.txt
1<?xml version="1.0" encoding="utf-8"?>
2<manifest xmlns:android="http://schemas.android.com/apk/res/android"
3    package="com.shefiraa.mynavigation"
4    android:versionCode="1"
5    android:versionName="1.0" >
6
7    <uses-sdk
8        android:minSdkVersion="21"
8-->src\main\AndroidManifest.xml
9        android:targetSdkVersion="30" />
9-->src\main\AndroidManifest.xml
10
11    <application
11-->src\main\AndroidManifest.xml:5:5-21:19
12        android:allowBackup="true"
12-->src\main\AndroidManifest.xml:6:9-35
13        android:appComponentFactory="androidx.core.app.CoreComponentFactory"
13-->[androidx.core:core:1.3.2] AndroidManifest.xml:24:18-86
14        android:debuggable="true"
15        android:icon="@mipmap/ic_launcher"
15-->src\main\AndroidManifest.xml:7:9-43
16        android:label="@string/app_name"
16-->src\main\AndroidManifest.xml:8:9-41
17        android:roundIcon="@mipmap/ic_launcher_round"
17-->src\main\AndroidManifest.xml:9:9-54
18        android:supportsRtl="true"
18-->src\main\AndroidManifest.xml:10:9-35
19        android:testOnly="true"
20        android:theme="@style/AppTheme" >
20-->src\main\AndroidManifest.xml:11:9-40
21        <activity android:name="com.shefiraa.mynavigation.ProfileActivity" />
21-->src\main\AndroidManifest.xml:12:9-62
21-->src\main\AndroidManifest.xml:12:19-50
22        <activity android:name="com.shefiraa.mynavigation.MainActivity" >
22-->src\main\AndroidManifest.xml:13:9-20:20
22-->src\main\AndroidManifest.xml:13:19-47
23            <intent-filter>
23-->src\main\AndroidManifest.xml:14:13-18:29
24                <action android:name="android.intent.action.MAIN" />
24-->src\main\AndroidManifest.xml:15:17-69
24-->src\main\AndroidManifest.xml:15:25-66
25
26                <category android:name="android.intent.category.LAUNCHER" />
26-->src\main\AndroidManifest.xml:17:17-77
26-->src\main\AndroidManifest.xml:17:27-74
27            </intent-filter>
28            <intent-filter>
28-->[main_navigation] main_navigation.xml:41:9-43:58
29                <action android:name="android.intent.action.VIEW" />
29-->[main_navigation] main_navigation.xml:41:9-43:58
29-->[main_navigation] main_navigation.xml:41:9-43:58
30
31                <category android:name="android.intent.category.DEFAULT" />
31-->[main_navigation] main_navigation.xml:41:9-43:58
31-->[main_navigation] main_navigation.xml:41:9-43:58
32                <category android:name="android.intent.category.BROWSABLE" />
32-->[main_navigation] main_navigation.xml:41:9-43:58
32-->[main_navigation] main_navigation.xml:41:9-43:58
33
34                <data android:scheme="https" />
34-->[main_navigation] main_navigation.xml:41:9-43:58
34-->[main_navigation] main_navigation.xml:41:9-43:58
35                <data android:host="www.dicoding.com" />
35-->[main_navigation] main_navigation.xml:41:9-43:58
35-->[main_navigation] main_navigation.xml:41:9-43:58
36                <data android:path="/profile" />
36-->[main_navigation] main_navigation.xml:41:9-43:58
36-->[main_navigation] main_navigation.xml:41:9-43:58
37            </intent-filter>
38            <intent-filter>
38-->[main_navigation] main_navigation.xml:50:9-52:64
39                <action android:name="android.intent.action.VIEW" />
39-->[main_navigation] main_navigation.xml:41:9-43:58
39-->[main_navigation] main_navigation.xml:41:9-43:58
40
41                <category android:name="android.intent.category.DEFAULT" />
41-->[main_navigation] main_navigation.xml:41:9-43:58
41-->[main_navigation] main_navigation.xml:41:9-43:58
42                <category android:name="android.intent.category.BROWSABLE" />
42-->[main_navigation] main_navigation.xml:41:9-43:58
42-->[main_navigation] main_navigation.xml:41:9-43:58
43
44                <data android:scheme="https" />
44-->[main_navigation] main_navigation.xml:41:9-43:58
44-->[main_navigation] main_navigation.xml:41:9-43:58
45                <data android:host="www.dicoding.com" />
45-->[main_navigation] main_navigation.xml:41:9-43:58
45-->[main_navigation] main_navigation.xml:41:9-43:58
46                <data android:pathPrefix="/detail/" />
46-->[main_navigation] main_navigation.xml:41:9-43:58
46-->[main_navigation] main_navigation.xml:50:9-52:64
47            </intent-filter>
48        </activity>
49    </application>
50
51</manifest>